
  ++++++++++++++++++++++++++++++++++++++++++++
  +     MAD-X 5.05.02  (64 bit, Darwin)      +
  + Support: mad@cern.ch, http://cern.ch/mad +
  + Release   date: 2019.07.25               +
  + Execution date: 2021.03.23 11:35:52      +
  ++++++++++++++++++++++++++++++++++++++++++++
TITLE,'test_TSR.MADX';        



// Definition of the beam

BEAM, PARTICLE=ELECTRON, ENERGY=2500;



// Read the lattice file from the sequence file

CALL, FILE="../CRYRING_CELL.seq";

/***Definition of the elements***/

DM: RBEND, L=0.621, ANGLE=PI/6;



kqf=1.95;

kqd=-2.45;



QF: QUADRUPOLE, L=0.283/2, K1:=kqf;

QD: QUADRUPOLE, L=0.283/2, K1:=kqd;



ksf=0;

ksd=0;

SF: SEXTUPOLE, L=0.2, K2:=ksf;

SD: SEXTUPOLE, L=0.2, K2:=ksd; 



L1:DRIFT,L=3.5/10;

L2:DRIFT,L=0.624/2;

L3:DRIFT,L=0.05;

LS:DRIFT,L=0.2;

    

HALFCRY(X,Y): LINE=(5*L1,DM,L1,X,L3,2*QF,2*L2,Y,L3,QD);

CRYF: LINE=(HALFCRY(LS,LS),-HALFCRY(SF,SD));

OPTION, ECHO;



// Activation of the sequence 

USE, SEQUENCE=CRYF;



/*** Plot matched Twiss parameters ***/

MATCH, SEQUENCE=CRYF;

START MATCHING

number of sequences: 1
sequence name: cryf
GLOBAL, SEQUENCE=CRYF, Q1=2.42/6, Q2=2.42/6, GAMMATR=2.3;

VARY,NAME=kqf,STEP=0.001,LOWER=1.6,UPPER=2.1;

VARY,NAME=kqd,STEP=0.001,UPPER=-2.1,LOWER=-2.6;

MIGRAD,CALLS=10000,TOLERANCE=1E-20;

number of variables:    2
user given constraints: 3
total constraints:      3

START MIGRAD:

call:      15   Penalty function =   0.32756914E-02
call:      22   Penalty function =   0.13543058E-02
call:      29   Penalty function =   0.12441772E-02
call:      35   Penalty function =   0.12440901E-02
call:      41   Penalty function =   0.12440900E-02
call:      51   Penalty function =   0.12440900E-02
 accuracy limit
 failed
call:      54   Penalty function =   0.12440900E-02
ENDMATCH;


MATCH SUMMARY

Node_Name                  Constraint   Type  Target Value       Final Value        Penalty
--------------------------------------------------------------------------------------------------
Global constraint:         q1           4     4.03333333E-01     4.01746049E-01     2.51947179E-04
Global constraint:         q2           4     4.03333333E-01     4.03433596E-01     1.00525483E-06
Global constraint:         gammat       4     2.30000000E+00     2.33148234E+00     9.91137586E-04


Final Penalty Function =   1.24409002e-03





Variable                 Final Value  Initial Value Lower Limit  Upper Limit 
--------------------------------------------------------------------------------
kqf                       1.79830e+00  1.95000e+00  1.60000e+00  2.10000e+00
kqd                      -2.09506e+00 -2.45000e+00 -2.60000e+00 -2.10000e+00

END MATCH SUMMARY

VARIABLE "TAR" SET TO   1.24409002e-03


// Calculate and save periodic Twiss solution

TWISS,SAVE,FILE=CRYRING;

enter Twiss module
  
iteration:   1 error:   0.000000E+00 deltap:   0.000000E+00
orbit:   0.000000E+00  0.000000E+00  0.000000E+00  0.000000E+00  0.000000E+00  0.000000E+00

++++++ table: summ

            length             orbit5               alfa            gammatr 
       8.553301829                 -0       0.1839652269        2.331482338 

                q1                dq1            betxmax              dxmax 
      0.4017460489      -0.2371555539        6.765523127        1.938857913 

             dxrms             xcomax             xcorms                 q2 
       1.622253313                  0                  0       0.4034335957 

               dq2            betymax              dymax              dyrms 
      -0.515308785        5.078891316                  0                  0 

            ycomax             ycorms             deltap            synch_1 
                 0                  0                  0                  0 

           synch_2            synch_3            synch_4            synch_5 
                 0                  0                  0                  0 

            nflips 
                 0 


// Plot betax and betay vs s (with interpolation)

PLOT,HAXIS=S,VAXIS1=BETX,BETY,DX,colour=100,FILE=CRYRING_PLOT,interpolate;

Plot - default table plotted: twiss

 GXPLOT-X11  1.50 initialized

 plot number =            1
PLOT,HAXIS=S,VAXIS1=DX,colour=100,FILE=tsr_plot,interpolate;

Plot - default table plotted: twiss
 plot number =            2


STOP;

  Number of warnings: 0

  ++++++++++++++++++++++++++++++++++++++++++++
  +          MAD-X finished normally         +
  ++++++++++++++++++++++++++++++++++++++++++++
