@ NAME             %06s "SURVEY"
@ TYPE             %06s "SURVEY"
@ TITLE            %13s "test_TSR.MADX"
@ ORIGIN           %18s "5.05.02 Windows 64"
@ DATE             %08s "29/03/21"
@ TIME             %08s "11.18.22"
* NAME               KEYWORD                             S                  L              ANGLE                  X                  Y                  Z              THETA                PHI                PSI         GLOBALTILT    SLOT_ID ASSEMBLY_ID           MECH_SEP              V_POS COMMENTS           
$ %s                 %s                                %le                %le                %le                %le                %le                %le                %le                %le                %le                %le         %d         %d                %le                %le %s                 
 "TSR$START"         "MARKER"                             0                  0                  0                  0                  0                  0                  0                  0                  0                  0          0          0                  0                  0 ""                 
 "DRIFT_0"           "DRIFT"                            2.6                2.6                  0                  0                  0                2.6                  0                  0                  0                  0          0          0                  0                  0 ""                 
 "QD11"              "QUADRUPOLE"                     2.925              0.325                  0                  0                  0              2.925                  0                  0                  0                  0          0          0                  0                  0 ""                 
 "DRIFT_1"           "DRIFT"                           3.36              0.435                  0                  0                  0               3.36                  0                  0                  0                  0          0          0                  0                  0 ""                 
 "QF11"              "QUADRUPOLE"                     3.685              0.325                  0                  0                  0              3.685                  0                  0                  0                  0          0          0                  0                  0 ""                 
 "DRIFT_2"           "DRIFT"                    4.706792112        1.021792112                  0                  0                  0        4.706792112                  0                  0                  0                  0          0          0                  0                  0 ""                 
 "AM11"              "SBEND"                           5.61       0.9032078879       0.7853981634      -0.3368272016                  0         5.51996491      -0.7853981634                  0                  0                  0          0          0                  0                  0 ""                 
 "DRIFT_3"           "DRIFT"                         6.7625             1.1525                  0       -1.151767767                  0        6.334905476      -0.7853981634                  0                  0                  0          0          0                  0                  0 ""                 
 "QF12"              "QUADRUPOLE"                    7.0875              0.325                  0       -1.381577471                  0         6.56471518      -0.7853981634                  0                  0                  0          0          0                  0                  0 ""                 
 "DRIFT_4"           "DRIFT"                           8.24             1.1525                  0       -2.196518036                  0        7.379655745      -0.7853981634                  0                  0                  0          0          0                  0                  0 ""                 
 "AM12"              "SBEND"                    9.143207888       0.9032078879       0.7853981634       -3.009690835                  0        7.716482947       -1.570796327                  0                  0                  0          0          0                  0                  0 ""                 
 "DRIFT_5"           "DRIFT"                         10.165        1.021792112                  0       -4.031482947                  0        7.716482947       -1.570796327                  0                  0                  0          0          0                  0                  0 ""                 
 "QF13"              "QUADRUPOLE"                     10.49              0.325                  0       -4.356482947                  0        7.716482947       -1.570796327                  0                  0                  0          0          0                  0                  0 ""                 
 "DRIFT_6"           "DRIFT"                         10.925              0.435                  0       -4.791482947                  0        7.716482947       -1.570796327                  0                  0                  0          0          0                  0                  0 ""                 
 "QD12"              "QUADRUPOLE"                     11.25              0.325                  0       -5.116482947                  0        7.716482947       -1.570796327                  0                  0                  0          0          0                  0                  0 ""                 
 "DRIFT_7"           "DRIFT"                          16.45                5.2                  0       -10.31648295                  0        7.716482947       -1.570796327                  0                  0                  0          0          0                  0                  0 ""                 
 "QD21"              "QUADRUPOLE"                    16.775              0.325                  0       -10.64148295                  0        7.716482947       -1.570796327                  0                  0                  0          0          0                  0                  0 ""                 
 "DRIFT_8"           "DRIFT"                          17.21              0.435                  0       -11.07648295                  0        7.716482947       -1.570796327                  0                  0                  0          0          0                  0                  0 ""                 
 "QF21"              "QUADRUPOLE"                    17.535              0.325                  0       -11.40148295                  0        7.716482947       -1.570796327                  0                  0                  0          0          0                  0                  0 ""                 
 "DRIFT_9"           "DRIFT"                    18.55679211        1.021792112                  0       -12.42327506                  0        7.716482947       -1.570796327                  0                  0                  0          0          0                  0                  0 ""                 
 "AM21"              "SBEND"                          19.46       0.9032078879       0.7853981634       -13.23644786                  0        7.379655745        -2.35619449                  0                  0                  0          0          0                  0                  0 ""                 
 "DRIFT_10"          "DRIFT"                        20.6125             1.1525                  0       -14.05138842                  0         6.56471518        -2.35619449                  0                  0                  0          0          0                  0                  0 ""                 
 "QF22"              "QUADRUPOLE"                   20.9375              0.325                  0       -14.28119813                  0        6.334905476        -2.35619449                  0                  0                  0          0          0                  0                  0 ""                 
 "DRIFT_11"          "DRIFT"                          22.09             1.1525                  0       -15.09613869                  0         5.51996491        -2.35619449                  0                  0                  0          0          0                  0                  0 ""                 
 "AM22"              "SBEND"                    22.99320789       0.9032078879       0.7853981634       -15.43296589                  0        4.706792112       -3.141592654                  0                  0                  0          0          0                  0                  0 ""                 
 "DRIFT_12"          "DRIFT"                         24.015        1.021792112                  0       -15.43296589                  0              3.685       -3.141592654                  0                  0                  0          0          0                  0                  0 ""                 
 "QF23"              "QUADRUPOLE"                     24.34              0.325                  0       -15.43296589                  0               3.36       -3.141592654                  0                  0                  0          0          0                  0                  0 ""                 
 "DRIFT_13"          "DRIFT"                         24.775              0.435                  0       -15.43296589                  0              2.925       -3.141592654                  0                  0                  0          0          0                  0                  0 ""                 
 "QD22"              "QUADRUPOLE"                      25.1              0.325                  0       -15.43296589                  0                2.6       -3.141592654                  0                  0                  0          0          0                  0                  0 ""                 
 "DRIFT_14"          "DRIFT"                           30.3                5.2                  0       -15.43296589                  0               -2.6       -3.141592654                  0                  0                  0          0          0                  0                  0 ""                 
 "QD31"              "QUADRUPOLE"                    30.625              0.325                  0       -15.43296589                  0             -2.925       -3.141592654                  0                  0                  0          0          0                  0                  0 ""                 
 "DRIFT_15"          "DRIFT"                          31.06              0.435                  0       -15.43296589                  0              -3.36       -3.141592654                  0                  0                  0          0          0                  0                  0 ""                 
 "QF31"              "QUADRUPOLE"                    31.385              0.325                  0       -15.43296589                  0             -3.685       -3.141592654                  0                  0                  0          0          0                  0                  0 ""                 
 "DRIFT_16"          "DRIFT"                    32.40679211        1.021792112                  0       -15.43296589                  0       -4.706792112       -3.141592654                  0                  0                  0          0          0                  0                  0 ""                 
 "AM31"              "SBEND"                          33.31       0.9032078879       0.7853981634       -15.09613869                  0        -5.51996491       -3.926990817                  0                  0                  0          0          0                  0                  0 ""                 
 "DRIFT_17"          "DRIFT"                        34.4625             1.1525                  0       -14.28119813                  0       -6.334905476       -3.926990817                  0                  0                  0          0          0                  0                  0 ""                 
 "QF32"              "QUADRUPOLE"                   34.7875              0.325                  0       -14.05138842                  0        -6.56471518       -3.926990817                  0                  0                  0          0          0                  0                  0 ""                 
 "DRIFT_18"          "DRIFT"                          35.94             1.1525                  0       -13.23644786                  0       -7.379655745       -3.926990817                  0                  0                  0          0          0                  0                  0 ""                 
 "AM32"              "SBEND"                    36.84320789       0.9032078879       0.7853981634       -12.42327506                  0       -7.716482947        -4.71238898                  0                  0                  0          0          0                  0                  0 ""                 
 "DRIFT_19"          "DRIFT"                         37.865        1.021792112                  0       -11.40148295                  0       -7.716482947        -4.71238898                  0                  0                  0          0          0                  0                  0 ""                 
 "QF33"              "QUADRUPOLE"                     38.19              0.325                  0       -11.07648295                  0       -7.716482947        -4.71238898                  0                  0                  0          0          0                  0                  0 ""                 
 "DRIFT_20"          "DRIFT"                         38.625              0.435                  0       -10.64148295                  0       -7.716482947        -4.71238898                  0                  0                  0          0          0                  0                  0 ""                 
 "QD32"              "QUADRUPOLE"                     38.95              0.325                  0       -10.31648295                  0       -7.716482947        -4.71238898                  0                  0                  0          0          0                  0                  0 ""                 
 "DRIFT_21"          "DRIFT"                          44.15                5.2                  0       -5.116482947                  0       -7.716482947        -4.71238898                  0                  0                  0          0          0                  0                  0 ""                 
 "QD41"              "QUADRUPOLE"                    44.475              0.325                  0       -4.791482947                  0       -7.716482947        -4.71238898                  0                  0                  0          0          0                  0                  0 ""                 
 "DRIFT_22"          "DRIFT"                          44.91              0.435                  0       -4.356482947                  0       -7.716482947        -4.71238898                  0                  0                  0          0          0                  0                  0 ""                 
 "QF41"              "QUADRUPOLE"                    45.235              0.325                  0       -4.031482947                  0       -7.716482947        -4.71238898                  0                  0                  0          0          0                  0                  0 ""                 
 "DRIFT_23"          "DRIFT"                    46.25679211        1.021792112                  0       -3.009690835                  0       -7.716482947        -4.71238898                  0                  0                  0          0          0                  0                  0 ""                 
 "AM41"              "SBEND"                          47.16       0.9032078879       0.7853981634       -2.196518036                  0       -7.379655745       -5.497787144                  0                  0                  0          0          0                  0                  0 ""                 
 "DRIFT_24"          "DRIFT"                        48.3125             1.1525                  0       -1.381577471                  0        -6.56471518       -5.497787144                  0                  0                  0          0          0                  0                  0 ""                 
 "QF42"              "QUADRUPOLE"                   48.6375              0.325                  0       -1.151767767                  0       -6.334905476       -5.497787144                  0                  0                  0          0          0                  0                  0 ""                 
 "DRIFT_25"          "DRIFT"                          49.79             1.1525                  0      -0.3368272016                  0        -5.51996491       -5.497787144                  0                  0                  0          0          0                  0                  0 ""                 
 "AM42"              "SBEND"                    50.69320789       0.9032078879       0.7853981634  -2.869926519e-014                  0       -4.706792112       -6.283185307                  0                  0                  0          0          0                  0                  0 ""                 
 "DRIFT_26"          "DRIFT"                         51.715        1.021792112                  0  -2.807194063e-014                  0             -3.685       -6.283185307                  0                  0                  0          0          0                  0                  0 ""                 
 "QF43"              "QUADRUPOLE"                     52.04              0.325                  0  -2.787240838e-014                  0              -3.36       -6.283185307                  0                  0                  0          0          0                  0                  0 ""                 
 "DRIFT_27"          "DRIFT"                         52.475              0.435                  0  -2.760534213e-014                  0             -2.925       -6.283185307                  0                  0                  0          0          0                  0                  0 ""                 
 "QD42"              "QUADRUPOLE"                      52.8              0.325                  0  -2.740580988e-014                  0               -2.6       -6.283185307                  0                  0                  0          0          0                  0                  0 ""                 
 "DRIFT_28"          "DRIFT"                           55.4                2.6                  0  -2.580955186e-014                  0                  0       -6.283185307                  0                  0                  0          0          0                  0                  0 ""                 
 "TSR$END"           "MARKER"                          55.4                  0                  0  -2.580955186e-014                  0                  0       -6.283185307                  0                  0                  0          0          0                  0                  0 ""                 
